mobile/build/app/intermediates/manifest_merge_blame_file/debug/manifest-merger-blame-debug-report.txt
1<?xml version="1.0" encoding="utf-8"?>
2<manifest xmlns:android="http://schemas.android.com/apk/res/android"
3    package="com.ondigitaltech.resdonte"
4    android:versionCode="1"
5    android:versionName="1.0.0" >
6
7    <uses-sdk
8        android:minSdkVersion="20"
9        android:targetSdkVersion="33" />
10    <!--
11         Flutter needs it to communicate with the running application
12         to allow setting breakpoints, to provide hot reload, etc.
13    -->
14    <uses-permission android:name="android.permission.INTERNET" />
14-->src/main/AndroidManifest.xml:26:7-69
14-->src/main/AndroidManifest.xml:26:24-66
15
16    <queries>
16-->src/main/AndroidManifest.xml:4:5-25:17
17
18        <!-- If your app opens https URLs -->
19        <intent>
19-->src/main/AndroidManifest.xml:6:7-9:16
20            <action android:name="android.intent.action.VIEW" />
20-->src/main/AndroidManifest.xml:7:9-61
20-->src/main/AndroidManifest.xml:7:17-58
21
22            <data android:scheme="https" />
23        </intent>
24        <!-- If your app makes calls -->
25        <intent>
25-->src/main/AndroidManifest.xml:11:7-14:16
26            <action android:name="android.intent.action.DIAL" />
26-->src/main/AndroidManifest.xml:12:9-61
26-->src/main/AndroidManifest.xml:12:17-58
27
28            <data android:scheme="tel" />
29        </intent>
30        <!-- If your sends SMS messages -->
31        <intent>
31-->src/main/AndroidManifest.xml:16:7-19:16
32            <action android:name="android.intent.action.SENDTO" />
32-->src/main/AndroidManifest.xml:17:9-63
32-->src/main/AndroidManifest.xml:17:17-60
33
34            <data android:scheme="smsto" />
35        </intent>
36        <!-- If your app sends emails -->
37        <intent>
37-->src/main/AndroidManifest.xml:21:7-24:16
38            <action android:name="android.intent.action.SEND" />
38-->src/main/AndroidManifest.xml:22:9-61
38-->src/main/AndroidManifest.xml:22:17-58
39
40            <data android:mimeType="*/*" />
41        </intent>
42        <intent>
42-->[:flutter_inappwebview] AndroidManifest.xml:10:9-12:18
43            <action android:name="android.support.customtabs.action.CustomTabsService" />
43-->[:flutter_inappwebview] AndroidManifest.xml:11:13-90
43-->[:flutter_inappwebview] AndroidManifest.xml:11:21-87
44        </intent> <!-- For browser content -->
45        <intent>
45-->[com.google.android.gms:play-services-ads-lite:22.0.0] AndroidManifest.xml:35:9-41:18
46            <action android:name="android.intent.action.VIEW" />
46-->src/main/AndroidManifest.xml:7:9-61
46-->src/main/AndroidManifest.xml:7:17-58
47
48            <category android:name="android.intent.category.BROWSABLE" />
48-->[com.google.android.gms:play-services-ads-lite:22.0.0] AndroidManifest.xml:38:13-74
48-->[com.google.android.gms:play-services-ads-lite:22.0.0] AndroidManifest.xml:38:23-71
49
50            <data android:scheme="https" />
51        </intent>
52    </queries> <!-- this is mandatory -->
53    <uses-permission android:name="android.permission.POST_NOTIFICATIONS" />
53-->src/main/AndroidManifest.xml:27:7-78
53-->src/main/AndroidManifest.xml:27:24-76
54    <uses-permission android:name="android.permission.RECEIVE_BOOT_COMPLETED" />
54-->[:flutter_local_notifications] AndroidManifest.xml:9:5-81
54-->[:flutter_local_notifications] AndroidManifest.xml:9:22-78
55    <uses-permission android:name="android.permission.VIBRATE" />
55-->[:flutter_local_notifications] AndroidManifest.xml:10:5-66
55-->[:flutter_local_notifications] AndroidManifest.xml:10:22-63
56    <uses-permission android:name="android.permission.USE_FULL_SCREEN_INTENT" />
56-->[:flutter_local_notifications] AndroidManifest.xml:11:5-81
56-->[:flutter_local_notifications] AndroidManifest.xml:11:22-78
57    <uses-permission android:name="android.permission.SCHEDULE_EXACT_ALARM" />
57-->[:flutter_local_notifications] AndroidManifest.xml:12:5-79
57-->[:flutter_local_notifications] AndroidManifest.xml:12:22-76
58    <uses-permission android:name="android.permission.ACCESS_NETWORK_STATE" /> <!-- Create a unique permission for your app and use it so only your app can receive your OneSignal messages. -->
58-->[:connectivity_plus] AndroidManifest.xml:9:5-79
58-->[:connectivity_plus] AndroidManifest.xml:9:22-76
59    <permission
59-->[com.onesignal:OneSignal:4.8.5] AndroidManifest.xml:7:5-9:47
60        android:name="com.ondigitaltech.resdonte.permission.C2D_MESSAGE"
60-->[com.onesignal:OneSignal:4.8.5] AndroidManifest.xml:8:9-63
61        android:protectionLevel="signature" />
61-->[com.onesignal:OneSignal:4.8.5] AndroidManifest.xml:9:9-44
62
63    <uses-permission android:name="com.ondigitaltech.resdonte.permission.C2D_MESSAGE" /> <!-- c2dm RECEIVE are basic requirements for push messages through Google's FCM -->
63-->[com.onesignal:OneSignal:4.8.5] AndroidManifest.xml:11:5-79
63-->[com.onesignal:OneSignal:4.8.5] AndroidManifest.xml:11:22-76
64    <uses-permission android:name="com.google.android.c2dm.permission.RECEIVE" /> <!-- Required, makes sure notifications are delivered on time. -->
64-->[com.onesignal:OneSignal:4.8.5] AndroidManifest.xml:18:5-82
64-->[com.onesignal:OneSignal:4.8.5] AndroidManifest.xml:18:22-79
65    <uses-permission android:name="android.permission.WAKE_LOCK" /> <!-- START: ShortcutBadger -->
65-->[com.onesignal:OneSignal:4.8.5] AndroidManifest.xml:19:5-68
65-->[com.onesignal:OneSignal:4.8.5] AndroidManifest.xml:19:22-65
66    <!-- Samsung -->
67    <uses-permission android:name="com.sec.android.provider.badge.permission.READ" />
67-->[com.onesignal:OneSignal:4.8.5] AndroidManifest.xml:32:5-86
67-->[com.onesignal:OneSignal:4.8.5] AndroidManifest.xml:32:22-83
68    <uses-permission android:name="com.sec.android.provider.badge.permission.WRITE" /> <!-- HTC -->
68-->[com.onesignal:OneSignal:4.8.5] AndroidManifest.xml:33:5-87
68-->[com.onesignal:OneSignal:4.8.5] AndroidManifest.xml:33:22-84
69    <uses-permission android:name="com.htc.launcher.permission.READ_SETTINGS" />
69-->[com.onesignal:OneSignal:4.8.5] AndroidManifest.xml:34:5-81
69-->[com.onesignal:OneSignal:4.8.5] AndroidManifest.xml:34:22-78
70    <uses-permission android:name="com.htc.launcher.permission.UPDATE_SHORTCUT" /> <!-- Sony -->
70-->[com.onesignal:OneSignal:4.8.5] AndroidManifest.xml:35:5-83
70-->[com.onesignal:OneSignal:4.8.5] AndroidManifest.xml:35:22-80
71    <uses-permission android:name="com.sonyericsson.home.permission.BROADCAST_BADGE" />
71-->[com.onesignal:OneSignal:4.8.5] AndroidManifest.xml:36:5-88
71-->[com.onesignal:OneSignal:4.8.5] AndroidManifest.xml:36:22-85
72    <uses-permission android:name="com.sonymobile.home.permission.PROVIDER_INSERT_BADGE" /> <!-- Apex -->
72-->[com.onesignal:OneSignal:4.8.5] AndroidManifest.xml:37:5-92
72-->[com.onesignal:OneSignal:4.8.5] AndroidManifest.xml:37:22-89
73    <uses-permission android:name="com.anddoes.launcher.permission.UPDATE_COUNT" /> <!-- Solid -->
73-->[com.onesignal:OneSignal:4.8.5] AndroidManifest.xml:38:5-84
73-->[com.onesignal:OneSignal:4.8.5] AndroidManifest.xml:38:22-81
74    <uses-permission android:name="com.majeur.launcher.permission.UPDATE_BADGE" /> <!-- Huawei -->
74-->[com.onesignal:OneSignal:4.8.5] AndroidManifest.xml:39:5-83
74-->[com.onesignal:OneSignal:4.8.5] AndroidManifest.xml:39:22-80
75    <uses-permission android:name="com.huawei.android.launcher.permission.CHANGE_BADGE" />
75-->[com.onesignal:OneSignal:4.8.5] AndroidManifest.xml:40:5-91
75-->[com.onesignal:OneSignal:4.8.5] AndroidManifest.xml:40:22-88
76    <uses-permission android:name="com.huawei.android.launcher.permission.READ_SETTINGS" />
76-->[com.onesignal:OneSignal:4.8.5] AndroidManifest.xml:41:5-92
76-->[com.onesignal:OneSignal:4.8.5] AndroidManifest.xml:41:22-89
77    <uses-permission android:name="com.huawei.android.launcher.permission.WRITE_SETTINGS" /> <!-- ZUK -->
77-->[com.onesignal:OneSignal:4.8.5] AndroidManifest.xml:42:5-93
77-->[com.onesignal:OneSignal:4.8.5] AndroidManifest.xml:42:22-90
78    <uses-permission android:name="android.permission.READ_APP_BADGE" /> <!-- OPPO -->
78-->[com.onesignal:OneSignal:4.8.5] AndroidManifest.xml:43:5-73
78-->[com.onesignal:OneSignal:4.8.5] AndroidManifest.xml:43:22-70
79    <uses-permission android:name="com.oppo.launcher.permission.READ_SETTINGS" />
79-->[com.onesignal:OneSignal:4.8.5] AndroidManifest.xml:44:5-82
79-->[com.onesignal:OneSignal:4.8.5] AndroidManifest.xml:44:22-79
80    <uses-permission android:name="com.oppo.launcher.permission.WRITE_SETTINGS" /> <!-- EvMe -->
80-->[com.onesignal:OneSignal:4.8.5] AndroidManifest.xml:45:5-83
80-->[com.onesignal:OneSignal:4.8.5] AndroidManifest.xml:45:22-80
81    <uses-permission android:name="me.everything.badger.permission.BADGE_COUNT_READ" />
81-->[com.onesignal:OneSignal:4.8.5] AndroidManifest.xml:46:5-88
81-->[com.onesignal:OneSignal:4.8.5] AndroidManifest.xml:46:22-85
82    <uses-permission android:name="me.everything.badger.permission.BADGE_COUNT_WRITE" />
82-->[com.onesignal:OneSignal:4.8.5] AndroidManifest.xml:47:5-89
82-->[com.onesignal:OneSignal:4.8.5] AndroidManifest.xml:47:22-86
83    <uses-permission android:name="com.google.android.gms.permission.AD_ID" />
83-->[com.google.android.gms:play-services-ads-lite:22.0.0] AndroidManifest.xml:26:5-79
83-->[com.google.android.gms:play-services-ads-lite:22.0.0] AndroidManifest.xml:26:22-76
84    <uses-permission android:name="android.permission.FOREGROUND_SERVICE" />
84-->[androidx.work:work-runtime:2.7.0] AndroidManifest.xml:28:5-77
84-->[androidx.work:work-runtime:2.7.0] AndroidManifest.xml:28:22-74
85
86    <permission
86-->[androidx.core:core:1.9.0] AndroidManifest.xml:22:5-24:47
87        android:name="com.ondigitaltech.resdonte.DYNAMIC_RECEIVER_NOT_EXPORTED_PERMISSION"
87-->[androidx.core:core:1.9.0] AndroidManifest.xml:23:9-81
88        android:protectionLevel="signature" />
88-->[androidx.core:core:1.9.0] AndroidManifest.xml:24:9-44
89
90    <uses-permission android:name="com.ondigitaltech.resdonte.DYNAMIC_RECEIVER_NOT_EXPORTED_PERMISSION" /> <!-- uncomment required permissions here -->
90-->[androidx.core:core:1.9.0] AndroidManifest.xml:26:5-97
90-->[androidx.core:core:1.9.0] AndroidManifest.xml:26:22-94
91    <!-- <uses-permission android:name="android.permission.WRITE_EXTERNAL_STORAGE"/> -->
92    <!-- <uses-permission android:name="android.permission.ACCESS_WIFI_STATE" /> -->
93    <!-- <uses-permission android:name="android.permission.CAMERA" /> -->
94    <!-- <uses-feature android:name="android.hardware.camera" /> -->
95    <!-- <uses-permission android:name="android.permission.RECORD_AUDIO" /> -->
96    <!-- <uses-permission android:name="android.permission.MODIFY_AUDIO_SETTINGS" /> -->
97    <!-- <uses-permission android:name="android.permission.VIDEO_CAPTURE" /> -->
98    <!-- <uses-permission android:name="android.permission.AUDIO_CAPTURE" /> -->
99    <!-- <uses-permission android:name="android.permission.BLUETOOTH" /> -->
100    <!-- <uses-permission android:name="android.permission.ACCESS_COARSE_LOCATION" /> -->
101    <!-- <uses-permission android:name="android.permission.ACCESS_FINE_LOCATION" /> -->
102    <!-- <uses-permission android:name="android.permission.ACCESS_BACKGROUND_LOCATION" /> -->
103    <!-- end  permissions from  list if using in your website -->
104    <application
105        android:name="android.app.Application"
106        android.usesCleartextTraffic="true"
107        android:appComponentFactory="androidx.core.app.CoreComponentFactory"
107-->[androidx.core:core:1.9.0] AndroidManifest.xml:28:18-86
108        android:debuggable="true"
109        android:icon="@mipmap/ic_launcher"
110        android:label="PrimeWeb"
111        android:requestLegacyExternalStorage="true" > <!-- this tag added to display downloading notification -->
112
113
114        <!-- to allow file permission -->
115        <provider
116            android:name="com.pichillilorenzo.flutter_inappwebview.InAppWebViewFileProvider"
117            android:authorities="com.ondigitaltech.resdonte.flutter_inappwebview.fileprovider"
118            android:exported="false"
119            android:grantUriPermissions="true" >
120            <meta-data
120-->[:share_plus] AndroidManifest.xml:20:13-22:68
121                android:name="android.support.FILE_PROVIDER_PATHS"
121-->[:share_plus] AndroidManifest.xml:21:17-67
122                android:resource="@xml/provider_paths" />
122-->[:share_plus] AndroidManifest.xml:22:17-65
123        </provider>
124
125        <activity
126            android:name="com.ondigitaltech.resdonte.MainActivity"
127            android:configChanges="orientation|keyboardHidden|keyboard|screenSize|smallestScreenSize|locale|layoutDirection|fontScale|screenLayout|density|uiMode"
128            android:exported="true"
129            android:hardwareAccelerated="true"
130            android:launchMode="singleTop"
131            android:theme="@style/LaunchTheme"
132            android:turnScreenOn="true"
133            android:windowSoftInputMode="adjustResize" >
134
135            <!--
136                 Specifies an Android theme to apply to this Activity as soon as
137                 the Android process has started. This theme is visible to the user
138                 while the Flutter UI initializes. After that, this theme continues
139                 to determine the Window background behind the Flutter UI.
140            -->
141            <meta-data
142                android:name="io.flutter.embedding.android.NormalTheme"
143                android:resource="@style/NormalTheme" />
144
145            <intent-filter>
146                <action android:name="android.intent.action.MAIN" />
147
148                <category android:name="android.intent.category.LAUNCHER" />
149            </intent-filter>
150
151            <!-- Deep linking -->
152            <meta-data
153                android:name="flutter_deeplinking_enabled"
154                android:value="true" />
155
156            <intent-filter android:autoVerify="true" >
157                <action android:name="android.intent.action.VIEW" />
157-->src/main/AndroidManifest.xml:7:9-61
157-->src/main/AndroidManifest.xml:7:17-58
158
159                <category android:name="android.intent.category.DEFAULT" />
160                <category android:name="android.intent.category.BROWSABLE" />
160-->[com.google.android.gms:play-services-ads-lite:22.0.0] AndroidManifest.xml:38:13-74
160-->[com.google.android.gms:play-services-ads-lite:22.0.0] AndroidManifest.xml:38:23-71
161
162                <data
163                    android:host="android.app.Application"
164                    android:pathPrefix="/"
165                    android:scheme="http" />
166                <data android:scheme="https" />
167            </intent-filter>
168        </activity>
169        <!--
170             Don't delete the meta-data below.
171             This is used by the Flutter tool to generate GeneratedPluginRegistrant.java
172        -->
173        <meta-data
174            android:name="flutterEmbedding"
175            android:value="2" />
176
177        <!-- Sample AdMob app ID: ca-app-pub-3940256099942544~3347511713 -->
178        <meta-data
179            android:name="com.google.android.gms.ads.APPLICATION_ID"
180            android:value="ca-app-pub-3940256099942544~3347511713" />
181        <meta-data
182            android:name="com.onesignal.messaging.default_notification_icon"
183            android:resource="@mipmap/ic_stat_onesignal_default" />
184        <meta-data
185            android:name="com.onesignal.NotificationAccentColor.DEFAULT"
186            android:value="FFFFFF" />
187        <!--
188below line Allows you to handle programmatically.
189Setting the value to false will launch the url in a browser.
190        -->
191        <meta-data
192            android:name="com.onesignal.suppressLaunchURLs"
193            android:value="true" />
194        <!-- end -->
195        <receiver
195-->[:flutter_local_notifications] AndroidManifest.xml:16:9-18:40
196            android:name="com.dexterous.flutterlocalnotifications.ActionBroadcastReceiver"
196-->[:flutter_local_notifications] AndroidManifest.xml:17:13-91
197            android:exported="false" />
197-->[:flutter_local_notifications] AndroidManifest.xml:18:13-37
198        <receiver
198-->[:flutter_local_notifications] AndroidManifest.xml:19:9-21:40
199            android:name="com.dexterous.flutterlocalnotifications.ScheduledNotificationReceiver"
199-->[:flutter_local_notifications] AndroidManifest.xml:20:13-97
200            android:exported="false" />
200-->[:flutter_local_notifications] AndroidManifest.xml:21:13-37
201        <receiver
201-->[:flutter_local_notifications] AndroidManifest.xml:22:9-31:20
202            android:name="com.dexterous.flutterlocalnotifications.ScheduledNotificationBootReceiver"
202-->[:flutter_local_notifications] AndroidManifest.xml:23:13-101
203            android:exported="false" >
203-->[:flutter_local_notifications] AndroidManifest.xml:24:13-37
204            <intent-filter>
204-->[:flutter_local_notifications] AndroidManifest.xml:25:13-30:29
205                <action android:name="android.intent.action.BOOT_COMPLETED" />
205-->[:flutter_local_notifications] AndroidManifest.xml:26:17-79
205-->[:flutter_local_notifications] AndroidManifest.xml:26:25-76
206                <action android:name="android.intent.action.MY_PACKAGE_REPLACED" />
206-->[:flutter_local_notifications] AndroidManifest.xml:27:17-84
206-->[:flutter_local_notifications] AndroidManifest.xml:27:25-81
207                <action android:name="android.intent.action.QUICKBOOT_POWERON" />
207-->[:flutter_local_notifications] AndroidManifest.xml:28:17-82
207-->[:flutter_local_notifications] AndroidManifest.xml:28:25-79
208                <action android:name="com.htc.intent.action.QUICKBOOT_POWERON" />
208-->[:flutter_local_notifications] AndroidManifest.xml:29:17-82
208-->[:flutter_local_notifications] AndroidManifest.xml:29:25-79
209            </intent-filter>
210        </receiver>
211
212        <activity
212-->[:url_launcher_android] AndroidManifest.xml:10:9-13:74
213            android:name="io.flutter.plugins.urllauncher.WebViewActivity"
213-->[:url_launcher_android] AndroidManifest.xml:11:13-74
214            android:exported="false"
214-->[:url_launcher_android] AndroidManifest.xml:12:13-37
215            android:theme="@android:style/Theme.NoTitleBar.Fullscreen" />
215-->[:url_launcher_android] AndroidManifest.xml:13:13-71
216
217        <meta-data
217-->[:google_mobile_ads] AndroidManifest.xml:12:9-14:36
218            android:name="io.flutter.embedded_views_preview"
218-->[:google_mobile_ads] AndroidManifest.xml:13:13-61
219            android:value="true" />
219-->[:google_mobile_ads] AndroidManifest.xml:14:13-33
220
221        <activity
221-->[:flutter_inappwebview] AndroidManifest.xml:16:9-20:47
222            android:name="com.pichillilorenzo.flutter_inappwebview.in_app_browser.InAppBrowserActivity"
222-->[:flutter_inappwebview] AndroidManifest.xml:17:13-104
223            android:configChanges="orientation|keyboardHidden|keyboard|screenSize|locale|layoutDirection|fontScale|screenLayout|density"
223-->[:flutter_inappwebview] AndroidManifest.xml:18:13-137
224            android:exported="false"
224-->[:flutter_inappwebview] AndroidManifest.xml:19:13-37
225            android:theme="@style/AppTheme" />
225-->[:flutter_inappwebview] AndroidManifest.xml:20:13-44
226        <activity
226-->[:flutter_inappwebview] AndroidManifest.xml:21:9-24:55
227            android:name="com.pichillilorenzo.flutter_inappwebview.chrome_custom_tabs.ChromeCustomTabsActivity"
227-->[:flutter_inappwebview] AndroidManifest.xml:22:13-112
228            android:exported="false"
228-->[:flutter_inappwebview] AndroidManifest.xml:23:13-37
229            android:theme="@style/ThemeTransparent" />
229-->[:flutter_inappwebview] AndroidManifest.xml:24:13-52
230        <activity
230-->[:flutter_inappwebview] AndroidManifest.xml:25:9-28:55
231            android:name="com.pichillilorenzo.flutter_inappwebview.chrome_custom_tabs.TrustedWebActivity"
231-->[:flutter_inappwebview] AndroidManifest.xml:26:13-106
232            android:exported="false"
232-->[:flutter_inappwebview] AndroidManifest.xml:27:13-37
233            android:theme="@style/ThemeTransparent" />
233-->[:flutter_inappwebview] AndroidManifest.xml:28:13-52
234        <activity
234-->[:flutter_inappwebview] AndroidManifest.xml:29:9-33:55
235            android:name="com.pichillilorenzo.flutter_inappwebview.chrome_custom_tabs.ChromeCustomTabsActivitySingleInstance"
235-->[:flutter_inappwebview] AndroidManifest.xml:30:13-126
236            android:exported="false"
236-->[:flutter_inappwebview] AndroidManifest.xml:31:13-37
237            android:launchMode="singleInstance"
237-->[:flutter_inappwebview] AndroidManifest.xml:32:13-48
238            android:theme="@style/ThemeTransparent" />
238-->[:flutter_inappwebview] AndroidManifest.xml:33:13-52
239        <activity
239-->[:flutter_inappwebview] AndroidManifest.xml:34:9-38:55
240            android:name="com.pichillilorenzo.flutter_inappwebview.chrome_custom_tabs.TrustedWebActivitySingleInstance"
240-->[:flutter_inappwebview] AndroidManifest.xml:35:13-120
241            android:exported="false"
241-->[:flutter_inappwebview] AndroidManifest.xml:36:13-37
242            android:launchMode="singleInstance"
242-->[:flutter_inappwebview] AndroidManifest.xml:37:13-48
243            android:theme="@style/ThemeTransparent" />
243-->[:flutter_inappwebview] AndroidManifest.xml:38:13-52
244
245        <receiver
245-->[:flutter_inappwebview] AndroidManifest.xml:40:9-43:40
246            android:name="com.pichillilorenzo.flutter_inappwebview.chrome_custom_tabs.ActionBroadcastReceiver"
246-->[:flutter_inappwebview] AndroidManifest.xml:41:13-111
247            android:enabled="true"
247-->[:flutter_inappwebview] AndroidManifest.xml:42:13-35
248            android:exported="false" />
248-->[:flutter_inappwebview] AndroidManifest.xml:43:13-37
249        <!--
250           Declares a provider which allows us to store files to share in
251           '.../caches/share_plus' and grant the receiving action access
252        -->
253        <provider
253-->[:share_plus] AndroidManifest.xml:15:9-23:20
254            android:name="dev.fluttercommunity.plus.share.ShareFileProvider"
254-->[:share_plus] AndroidManifest.xml:16:13-77
255            android:authorities="com.ondigitaltech.resdonte.flutter.share_provider"
255-->[:share_plus] AndroidManifest.xml:17:13-74
256            android:exported="false"
256-->[:share_plus] AndroidManifest.xml:18:13-37
257            android:grantUriPermissions="true" >
257-->[:share_plus] AndroidManifest.xml:19:13-47
258            <meta-data
258-->[:share_plus] AndroidManifest.xml:20:13-22:68
259                android:name="android.support.FILE_PROVIDER_PATHS"
259-->[:share_plus] AndroidManifest.xml:21:17-67
260                android:resource="@xml/flutter_share_file_paths" />
260-->[:share_plus] AndroidManifest.xml:22:17-65
261        </provider>
262        <!--
263           This manifest declared broadcast receiver allows us to use an explicit
264           Intent when creating a PendingItent to be informed of the user's choice
265        -->
266        <receiver
266-->[:share_plus] AndroidManifest.xml:28:9-34:20
267            android:name="dev.fluttercommunity.plus.share.SharePlusPendingIntent"
267-->[:share_plus] AndroidManifest.xml:29:13-82
268            android:exported="false" >
268-->[:share_plus] AndroidManifest.xml:30:13-37
269            <intent-filter>
269-->[:share_plus] AndroidManifest.xml:31:13-33:29
270                <action android:name="EXTRA_CHOSEN_COMPONENT" />
270-->[:share_plus] AndroidManifest.xml:32:17-65
270-->[:share_plus] AndroidManifest.xml:32:25-62
271            </intent-filter>
272        </receiver>
273        <receiver
273-->[com.onesignal:OneSignal:4.8.5] AndroidManifest.xml:50:9-61:20
274            android:name="com.onesignal.FCMBroadcastReceiver"
274-->[com.onesignal:OneSignal:4.8.5] AndroidManifest.xml:51:13-62
275            android:exported="true"
275-->[com.onesignal:OneSignal:4.8.5] AndroidManifest.xml:52:13-36
276            android:permission="com.google.android.c2dm.permission.SEND" >
276-->[com.onesignal:OneSignal:4.8.5] AndroidManifest.xml:53:13-73
277
278            <!-- High priority so OneSignal payloads can be filtered from other FCM receivers -->
279            <intent-filter android:priority="999" >
279-->[com.onesignal:OneSignal:4.8.5] AndroidManifest.xml:56:13-60:29
279-->[com.onesignal:OneSignal:4.8.5] AndroidManifest.xml:56:28-50
280                <action android:name="com.google.android.c2dm.intent.RECEIVE" />
280-->[com.onesignal:OneSignal:4.8.5] AndroidManifest.xml:57:17-81
280-->[com.onesignal:OneSignal:4.8.5] AndroidManifest.xml:57:25-78
281
282                <category android:name="com.ondigitaltech.resdonte" />
282-->[com.onesignal:OneSignal:4.8.5] AndroidManifest.xml:59:17-61
282-->[com.onesignal:OneSignal:4.8.5] AndroidManifest.xml:59:27-58
283            </intent-filter>
284        </receiver>
285
286        <service
286-->[com.onesignal:OneSignal:4.8.5] AndroidManifest.xml:63:9-69:19
287            android:name="com.onesignal.HmsMessageServiceOneSignal"
287-->[com.onesignal:OneSignal:4.8.5] AndroidManifest.xml:64:13-68
288            android:exported="false" >
288-->[com.onesignal:OneSignal:4.8.5] AndroidManifest.xml:65:13-37
289            <intent-filter>
289-->[com.onesignal:OneSignal:4.8.5] AndroidManifest.xml:66:13-68:29
290                <action android:name="com.huawei.push.action.MESSAGING_EVENT" />
290-->[com.onesignal:OneSignal:4.8.5] AndroidManifest.xml:67:17-81
290-->[com.onesignal:OneSignal:4.8.5] AndroidManifest.xml:67:25-78
291            </intent-filter>
292        </service>
293
294        <activity
294-->[com.onesignal:OneSignal:4.8.5] AndroidManifest.xml:71:9-79:20
295            android:name="com.onesignal.NotificationOpenedActivityHMS"
295-->[com.onesignal:OneSignal:4.8.5] AndroidManifest.xml:72:13-71
296            android:exported="true"
296-->[com.onesignal:OneSignal:4.8.5] AndroidManifest.xml:73:13-36
297            android:noHistory="true"
297-->[com.onesignal:OneSignal:4.8.5] AndroidManifest.xml:74:13-37
298            android:theme="@android:style/Theme.Translucent.NoTitleBar" >
298-->[com.onesignal:OneSignal:4.8.5] AndroidManifest.xml:75:13-72
299            <intent-filter>
299-->[com.onesignal:OneSignal:4.8.5] AndroidManifest.xml:76:13-78:29
300                <action android:name="android.intent.action.VIEW" />
300-->src/main/AndroidManifest.xml:7:9-61
300-->src/main/AndroidManifest.xml:7:17-58
301            </intent-filter>
302        </activity>
303
304        <service
304-->[com.onesignal:OneSignal:4.8.5] AndroidManifest.xml:81:9-83:40
305            android:name="com.onesignal.FCMIntentService"
305-->[com.onesignal:OneSignal:4.8.5] AndroidManifest.xml:82:13-58
306            android:exported="false" />
306-->[com.onesignal:OneSignal:4.8.5] AndroidManifest.xml:83:13-37
307        <service
307-->[com.onesignal:OneSignal:4.8.5] AndroidManifest.xml:84:9-87:72
308            android:name="com.onesignal.FCMIntentJobService"
308-->[com.onesignal:OneSignal:4.8.5] AndroidManifest.xml:85:13-61
309            android:exported="false"
309-->[com.onesignal:OneSignal:4.8.5] AndroidManifest.xml:86:13-37
310            android:permission="android.permission.BIND_JOB_SERVICE" />
310-->[com.onesignal:OneSignal:4.8.5] AndroidManifest.xml:87:13-69
311        <service
311-->[com.onesignal:OneSignal:4.8.5] AndroidManifest.xml:88:9-91:43
312            android:name="com.onesignal.SyncService"
312-->[com.onesignal:OneSignal:4.8.5] AndroidManifest.xml:89:13-53
313            android:exported="false"
313-->[com.onesignal:OneSignal:4.8.5] AndroidManifest.xml:90:13-37
314            android:stopWithTask="true" />
314-->[com.onesignal:OneSignal:4.8.5] AndroidManifest.xml:91:13-40
315        <service
315-->[com.onesignal:OneSignal:4.8.5] AndroidManifest.xml:92:9-95:72
316            android:name="com.onesignal.SyncJobService"
316-->[com.onesignal:OneSignal:4.8.5] AndroidManifest.xml:93:13-56
317            android:exported="false"
317-->[com.onesignal:OneSignal:4.8.5] AndroidManifest.xml:94:13-37
318            android:permission="android.permission.BIND_JOB_SERVICE" />
318-->[com.onesignal:OneSignal:4.8.5] AndroidManifest.xml:95:13-69
319
320        <activity
320-->[com.onesignal:OneSignal:4.8.5] AndroidManifest.xml:97:9-100:75
321            android:name="com.onesignal.PermissionsActivity"
321-->[com.onesignal:OneSignal:4.8.5] AndroidManifest.xml:98:13-61
322            android:exported="false"
322-->[com.onesignal:OneSignal:4.8.5] AndroidManifest.xml:99:13-37
323            android:theme="@android:style/Theme.Translucent.NoTitleBar" />
323-->[com.onesignal:OneSignal:4.8.5] AndroidManifest.xml:100:13-72
324
325        <receiver
325-->[com.onesignal:OneSignal:4.8.5] AndroidManifest.xml:102:9-104:39
326            android:name="com.onesignal.NotificationDismissReceiver"
326-->[com.onesignal:OneSignal:4.8.5] AndroidManifest.xml:103:13-69
327            android:exported="true" />
327-->[com.onesignal:OneSignal:4.8.5] AndroidManifest.xml:104:13-36
328        <receiver
328-->[com.onesignal:OneSignal:4.8.5] AndroidManifest.xml:105:9-112:20
329            android:name="com.onesignal.BootUpReceiver"
329-->[com.onesignal:OneSignal:4.8.5] AndroidManifest.xml:106:13-56
330            android:exported="true" >
330-->[com.onesignal:OneSignal:4.8.5] AndroidManifest.xml:107:13-36
331            <intent-filter>
331-->[com.onesignal:OneSignal:4.8.5] AndroidManifest.xml:108:13-111:29
332                <action android:name="android.intent.action.BOOT_COMPLETED" />
332-->[:flutter_local_notifications] AndroidManifest.xml:26:17-79
332-->[:flutter_local_notifications] AndroidManifest.xml:26:25-76